  [1m[35m (4.2ms)[0m  [1m[34mSELECT sqlite_version(*)[0m
  [1m[35m (4.5ms)[0m  [1m[35mCREATE TABLE "schema_migrations" ("version" varchar NOT NULL PRIMARY KEY)[0m
  [1m[35m (4.4ms)[0m  [1m[35mCREATE TABLE "ar_internal_metadata" ("key" varchar NOT NULL PRIMARY KEY, "value" varchar, "created_at" datetime(6) NOT NULL, "updated_at" datetime(6) NOT NULL)[0m
  [1m[35m (0.3ms)[0m  [1m[34mSELECT "schema_migrations"."version" FROM "schema_migrations" ORDER BY "schema_migrations"."version" ASC[0m
Migrating to CreateBowmakers (20211104050741)
  [1m[36mTRANSACTION (0.1ms)[0m  [1m[36mbegin transaction[0m
  [1m[35m (0.7ms)[0m  [1m[35mCREATE TABLE "bowmakers" ("id" integer PRIMARY KEY AUTOINCREMENT NOT NULL, "first_name" varchar, "last_name" varchar, "birth_year" integer, "year_of_death" integer, "biography" text, "notes" text, "created_at" datetime(6) NOT NULL, "updated_at" datetime(6) NOT NULL)[0m
  [1m[36mActiveRecord::SchemaMigration Create (0.2ms)[0m  [1m[32mINSERT INTO "schema_migrations" ("version") VALUES (?)[0m  [["version", "20211104050741"]]
  [1m[36mTRANSACTION (2.7ms)[0m  [1m[36mcommit transaction[0m
Migrating to CreateBowPhotos (20211104050850)
  [1m[36mTRANSACTION (0.1ms)[0m  [1m[36mbegin transaction[0m
  [1m[35m (2.9ms)[0m  [1m[35mCREATE TABLE "bow_photos" ("id" integer PRIMARY KEY AUTOINCREMENT NOT NULL, "head_url" varchar, "frog_url" varchar, "bowmaker_id" integer NOT NULL, "created_at" datetime(6) NOT NULL, "updated_at" datetime(6) NOT NULL, CONSTRAINT "fk_rails_9291195922"
FOREIGN KEY ("bowmaker_id")
  REFERENCES "bowmakers" ("id")
)[0m
  [1m[35m (0.2ms)[0m  [1m[35mCREATE INDEX "index_bow_photos_on_bowmaker_id" ON "bow_photos" ("bowmaker_id")[0m
  [1m[36mActiveRecord::SchemaMigration Create (0.2ms)[0m  [1m[32mINSERT INTO "schema_migrations" ("version") VALUES (?)[0m  [["version", "20211104050850"]]
  [1m[36mTRANSACTION (2.9ms)[0m  [1m[36mcommit transaction[0m
Migrating to CreateBowDrawings (20211104051002)
  [1m[36mTRANSACTION (0.1ms)[0m  [1m[36mbegin transaction[0m
  [1m[35m (1.0ms)[0m  [1m[35mCREATE TABLE "bow_drawings" ("id" integer PRIMARY KEY AUTOINCREMENT NOT NULL, "url" varchar, "bowmaker_id" integer NOT NULL, "created_at" datetime(6) NOT NULL, "updated_at" datetime(6) NOT NULL, CONSTRAINT "fk_rails_2cac645649"
FOREIGN KEY ("bowmaker_id")
  REFERENCES "bowmakers" ("id")
)[0m
  [1m[35m (0.2ms)[0m  [1m[35mCREATE INDEX "index_bow_drawings_on_bowmaker_id" ON "bow_drawings" ("bowmaker_id")[0m
  [1m[36mActiveRecord::SchemaMigration Create (0.2ms)[0m  [1m[32mINSERT INTO "schema_migrations" ("version") VALUES (?)[0m  [["version", "20211104051002"]]
  [1m[36mTRANSACTION (2.9ms)[0m  [1m[36mcommit transaction[0m
  [1m[36mActiveRecord::InternalMetadata Load (0.2ms)[0m  [1m[34mSELECT "ar_internal_metadata".* FROM "ar_internal_metadata" WHERE "ar_internal_metadata"."key" = ? LIMIT ?[0m  [["key", "environment"], ["LIMIT", 1]]
  [1m[36mTRANSACTION (0.1ms)[0m  [1m[36mbegin transaction[0m
  [1m[36mActiveRecord::InternalMetadata Create (3.0ms)[0m  [1m[32mINSERT INTO "ar_internal_metadata" ("key", "value", "created_at", "updated_at") VALUES (?, ?, ?, ?)[0m  [["key", "environment"], ["value", "development"], ["created_at", "2021-11-04 05:10:42.261199"], ["updated_at", "2021-11-04 05:10:42.261199"]]
  [1m[36mTRANSACTION (3.4ms)[0m  [1m[36mcommit transaction[0m
  [1m[35m (0.1ms)[0m  [1m[34mSELECT sqlite_version(*)[0m
  [1m[35m (0.2ms)[0m  [1m[34mSELECT "schema_migrations"."version" FROM "schema_migrations" ORDER BY "schema_migrations"."version" ASC[0m
  [1m[35m (3.7ms)[0m  [1m[34mSELECT sqlite_version(*)[0m
  [1m[36mBowmaker Load (3.0ms)[0m  [1m[34mSELECT "bowmakers".* FROM "bowmakers" /* loading for inspect */ LIMIT ?[0m  [["LIMIT", 11]]
  [1m[35m (0.3ms)[0m  [1m[34mSELECT COUNT(*) FROM "bowmakers"[0m
  [1m[35m (2.1ms)[0m  [1m[34mSELECT COUNT(*) FROM "bow_photos"[0m
  [1m[36mBowDrawing Load (0.6ms)[0m  [1m[34mSELECT "bow_drawings".* FROM "bow_drawings" /* loading for inspect */ LIMIT ?[0m  [["LIMIT", 11]]
  [1m[35m (2.5ms)[0m  [1m[34mSELECT COUNT(*) FROM "bowmakers"[0m
  [1m[36mTRANSACTION (3.5ms)[0m  [1m[36mbegin transaction[0m
  [1m[36mBowmaker Create (3.4ms)[0m  [1m[32mINSERT INTO "bowmakers" ("first_name", "last_name", "birth_year", "year_of_death", "biography", "notes", "created_at", "updated_at") VALUES (?, ?, ?, ?, ?, ?, ?, ?)[0m  [["first_name", "Francois Xavier"], ["last_name", "Tourte"], ["birth_year", 1748], ["year_of_death", 1835], ["biography", "For now, this is mostly a small filler bio. Francois Tourte invented the modern bow. He made the camber, or curve, of the bow concave rather than convex, he invented the ferrule to hold the hair in a flat band, he standardized the length, weight, and balance of the bow, as well as many other improvements. He is the father of the modern bow."], ["notes", "This is the notes section, empty for now, this is filler."], ["created_at", "2021-11-04 20:03:28.570205"], ["updated_at", "2021-11-04 20:03:28.570205"]]
  [1m[36mTRANSACTION (3.5ms)[0m  [1m[36mcommit transaction[0m
  [1m[36mBowmaker Load (0.5ms)[0m  [1m[34mSELECT "bowmakers".* FROM "bowmakers" ORDER BY "bowmakers"."id" ASC LIMIT ?[0m  [["LIMIT", 1]]
  [1m[36mTRANSACTION (0.1ms)[0m  [1m[36mbegin transaction[0m
  [1m[36mBowmaker Create (0.9ms)[0m  [1m[32mINSERT INTO "bowmakers" ("first_name", "last_name", "birth_year", "year_of_death", "biography", "notes", "created_at", "updated_at") VALUES (?, ?, ?, ?, ?, ?, ?, ?)[0m  [["first_name", "Jean Pierre Marie"], ["last_name", "Persoit"], ["birth_year", 1783], ["year_of_death", 1854], ["biography", "An early and great bowmaker, Persoit was heavily influenced by Francois Xavier Tourte. He made many fine bows, and was one of the first bowmakers to work for J.B. Vuillaume. While working there, he trained Dominique Peccatte, another one of the finest bowmakers to have lived. Persoit's brand -- P  R S -- was a mystery for many years until someone realized that it was a 'PARIS' brand with the 'A' and 'I' filed away. If you look very closely at his brand, you can see where a file touched the right lower leg of the 'R'."], ["notes", "Notes section, empty for now"], ["created_at", "2021-11-04 20:15:30.366396"], ["updated_at", "2021-11-04 20:15:30.366396"]]
  [1m[36mTRANSACTION (3.3ms)[0m  [1m[36mcommit transaction[0m
  [1m[35m (0.4ms)[0m  [1m[34mSELECT COUNT(*) FROM "bowmakers"[0m
  [1m[36mBowDrawing Load (2.8ms)[0m  [1m[34mSELECT "bow_drawings".* FROM "bow_drawings" WHERE "bow_drawings"."bowmaker_id" = ? /* loading for inspect */ LIMIT ?[0m  [["bowmaker_id", 1], ["LIMIT", 11]]
  [1m[36mTRANSACTION (0.1ms)[0m  [1m[36mbegin transaction[0m
  [1m[36mBowDrawing Create (0.8ms)[0m  [1m[32mINSERT INTO "bow_drawings" ("url", "bowmaker_id", "created_at", "updated_at") VALUES (?, ?, ?, ?)[0m  [["url", "https://drive.google.com/uc?export=view&id=1B9hyRJsbBiMuknzhCVtoniczGpBRNn8s"], ["bowmaker_id", 1], ["created_at", "2021-11-04 20:18:10.173047"], ["updated_at", "2021-11-04 20:18:10.173047"]]
  [1m[36mTRANSACTION (3.2ms)[0m  [1m[36mcommit transaction[0m
  [1m[36mBowDrawing Load (0.4ms)[0m  [1m[34mSELECT "bow_drawings".* FROM "bow_drawings" ORDER BY "bow_drawings"."id" ASC LIMIT ?[0m  [["LIMIT", 1]]
Started GET "/bowmakers" for ::1 at 2021-11-04 13:24:53 -0700
  [1m[35m (3.7ms)[0m  [1m[34mSELECT sqlite_version(*)[0m
  [1m[35m (0.5ms)[0m  [1m[34mSELECT "schema_migrations"."version" FROM "schema_migrations" ORDER BY "schema_migrations"."version" ASC[0m
Processing by BowmakersController#index as HTML
  [1m[36mBowmaker Load (0.4ms)[0m  [1m[34mSELECT "bowmakers".* FROM "bowmakers"[0m
  ↳ app/controllers/bowmakers_controller.rb:4:in `index'
Completed 200 OK in 60ms (Views: 20.6ms | ActiveRecord: 1.1ms | Allocations: 11498)


Started GET "/bowmakers" for ::1 at 2021-11-04 13:28:50 -0700
Processing by BowmakersController#index as HTML
  [1m[35m (0.1ms)[0m  [1m[34mSELECT sqlite_version(*)[0m
  ↳ app/controllers/bowmakers_controller.rb:4:in `index'
  [1m[36mBowmaker Load (0.2ms)[0m  [1m[34mSELECT "bowmakers".* FROM "bowmakers"[0m
  ↳ app/controllers/bowmakers_controller.rb:4:in `index'
Completed 200 OK in 28ms (Views: 18.6ms | ActiveRecord: 1.6ms | Allocations: 7641)


Started GET "/bowmakers" for ::1 at 2021-11-05 12:59:15 -0700
  [1m[35m (1.6ms)[0m  [1m[34mSELECT sqlite_version(*)[0m
  [1m[35m (2.5ms)[0m  [1m[34mSELECT "schema_migrations"."version" FROM "schema_migrations" ORDER BY "schema_migrations"."version" ASC[0m
Processing by BowmakersController#index as HTML
  [1m[36mBowmaker Load (2.5ms)[0m  [1m[34mSELECT "bowmakers".* FROM "bowmakers"[0m
  ↳ app/controllers/bowmakers_controller.rb:4:in `index'
Completed 200 OK in 75ms (Views: 28.4ms | ActiveRecord: 3.1ms | Allocations: 10407)


Started GET "/bowmakers" for ::1 at 2021-11-05 13:14:51 -0700
Processing by BowmakersController#index as */*
  [1m[35m (2.9ms)[0m  [1m[34mSELECT sqlite_version(*)[0m
  ↳ app/controllers/bowmakers_controller.rb:4:in `index'
  [1m[36mBowmaker Load (2.5ms)[0m  [1m[34mSELECT "bowmakers".* FROM "bowmakers"[0m
  ↳ app/controllers/bowmakers_controller.rb:4:in `index'
Completed 200 OK in 74ms (Views: 51.3ms | ActiveRecord: 7.1ms | Allocations: 1453)


Started GET "/bowmakers" for ::1 at 2021-11-05 13:16:17 -0700
Processing by BowmakersController#index as */*
  [1m[36mBowmaker Load (1.1ms)[0m  [1m[34mSELECT "bowmakers".* FROM "bowmakers"[0m
  ↳ app/controllers/bowmakers_controller.rb:4:in `index'
Completed 200 OK in 40ms (Views: 38.5ms | ActiveRecord: 1.1ms | Allocations: 866)


Started GET "/bowmakers" for ::1 at 2021-11-05 13:16:44 -0700
Processing by BowmakersController#index as */*
  [1m[36mBowmaker Load (1.2ms)[0m  [1m[34mSELECT "bowmakers".* FROM "bowmakers"[0m
  ↳ app/controllers/bowmakers_controller.rb:4:in `index'
Completed 200 OK in 48ms (Views: 36.3ms | ActiveRecord: 1.2ms | Allocations: 866)


Started GET "/bowmakers" for ::1 at 2021-11-05 13:17:23 -0700
Processing by BowmakersController#index as */*
  [1m[36mBowmaker Load (3.3ms)[0m  [1m[34mSELECT "bowmakers".* FROM "bowmakers"[0m
  ↳ app/controllers/bowmakers_controller.rb:4:in `index'
Completed 200 OK in 49ms (Views: 41.1ms | ActiveRecord: 3.3ms | Allocations: 866)


Started GET "/bowmakers" for ::1 at 2021-11-05 13:17:28 -0700
Processing by BowmakersController#index as */*
  [1m[36mBowmaker Load (0.4ms)[0m  [1m[34mSELECT "bowmakers".* FROM "bowmakers"[0m
  ↳ app/controllers/bowmakers_controller.rb:4:in `index'
Completed 200 OK in 15ms (Views: 10.4ms | ActiveRecord: 0.4ms | Allocations: 848)


Started GET "/bowmakers" for ::1 at 2021-11-05 16:46:39 -0700
  [1m[35m (3.2ms)[0m  [1m[34mSELECT sqlite_version(*)[0m
  [1m[35m (1.4ms)[0m  [1m[34mSELECT "schema_migrations"."version" FROM "schema_migrations" ORDER BY "schema_migrations"."version" ASC[0m
Processing by BowmakersController#index as */*
  [1m[36mBowmaker Load (1.0ms)[0m  [1m[34mSELECT "bowmakers".* FROM "bowmakers"[0m
  ↳ app/controllers/bowmakers_controller.rb:4:in `index'
Completed 200 OK in 62ms (Views: 18.6ms | ActiveRecord: 2.1ms | Allocations: 10350)


Started GET "/bowmakers" for ::1 at 2021-11-05 16:48:33 -0700
Processing by BowmakersController#index as */*
  [1m[36mBowmaker Load (8.8ms)[0m  [1m[34mSELECT "bowmakers".* FROM "bowmakers"[0m
  ↳ app/controllers/bowmakers_controller.rb:4:in `index'
Completed 200 OK in 23ms (Views: 10.3ms | ActiveRecord: 8.8ms | Allocations: 866)


Started GET "/bowmakers" for ::1 at 2021-11-05 16:56:17 -0700
Processing by BowmakersController#index as */*
  [1m[35m (0.7ms)[0m  [1m[34mSELECT sqlite_version(*)[0m
  ↳ app/controllers/bowmakers_controller.rb:4:in `index'
  [1m[36mBowmaker Load (0.9ms)[0m  [1m[34mSELECT "bowmakers".* FROM "bowmakers"[0m
  ↳ app/controllers/bowmakers_controller.rb:4:in `index'
Completed 200 OK in 27ms (Views: 23.5ms | ActiveRecord: 2.7ms | Allocations: 1452)


Started GET "/bowmakers" for ::1 at 2021-11-05 16:56:32 -0700
Processing by BowmakersController#index as */*
  [1m[36mBowmaker Load (0.2ms)[0m  [1m[34mSELECT "bowmakers".* FROM "bowmakers"[0m
  ↳ app/controllers/bowmakers_controller.rb:4:in `index'
Completed 200 OK in 5ms (Views: 4.1ms | ActiveRecord: 0.2ms | Allocations: 866)


Started GET "/bowmakers" for ::1 at 2021-11-05 17:13:54 -0700
Processing by BowmakersController#index as */*
  [1m[35m (1.8ms)[0m  [1m[34mSELECT sqlite_version(*)[0m
  ↳ app/controllers/bowmakers_controller.rb:4:in `index'
  [1m[36mBowmaker Load (7.3ms)[0m  [1m[34mSELECT "bowmakers".* FROM "bowmakers"[0m
  ↳ app/controllers/bowmakers_controller.rb:4:in `index'
Completed 200 OK in 116ms (Views: 108.2ms | ActiveRecord: 18.8ms | Allocations: 1452)


Started GET "/bowmakers" for ::1 at 2021-11-05 17:13:56 -0700
Processing by BowmakersController#index as */*
  [1m[36mBowmaker Load (0.3ms)[0m  [1m[34mSELECT "bowmakers".* FROM "bowmakers"[0m
  ↳ app/controllers/bowmakers_controller.rb:4:in `index'
Completed 200 OK in 15ms (Views: 14.4ms | ActiveRecord: 0.3ms | Allocations: 848)


Started GET "/bowmakers" for ::1 at 2021-11-05 17:14:14 -0700
Processing by BowmakersController#index as */*
  [1m[36mBowmaker Load (0.2ms)[0m  [1m[34mSELECT "bowmakers".* FROM "bowmakers"[0m
  ↳ app/controllers/bowmakers_controller.rb:4:in `index'
Completed 200 OK in 27ms (Views: 26.6ms | ActiveRecord: 0.2ms | Allocations: 848)


Started GET "/bowmakers" for ::1 at 2021-11-05 17:34:03 -0700
Processing by BowmakersController#index as */*
  [1m[35m (4.3ms)[0m  [1m[34mSELECT sqlite_version(*)[0m
  ↳ app/controllers/bowmakers_controller.rb:4:in `index'
  [1m[36mBowmaker Load (5.9ms)[0m  [1m[34mSELECT "bowmakers".* FROM "bowmakers"[0m
  ↳ app/controllers/bowmakers_controller.rb:4:in `index'
Completed 200 OK in 121ms (Views: 109.4ms | ActiveRecord: 13.6ms | Allocations: 1433)


Started GET "/bowmakers" for ::1 at 2021-11-05 17:43:33 -0700
Processing by BowmakersController#index as */*
  [1m[35m (1.4ms)[0m  [1m[34mSELECT sqlite_version(*)[0m
  ↳ app/controllers/bowmakers_controller.rb:4:in `index'
  [1m[36mBowmaker Load (7.0ms)[0m  [1m[34mSELECT "bowmakers".* FROM "bowmakers"[0m
  ↳ app/controllers/bowmakers_controller.rb:4:in `index'
Completed 200 OK in 178ms (Views: 168.4ms | ActiveRecord: 14.8ms | Allocations: 1434)


Started GET "/bowmakers" for ::1 at 2021-11-05 17:43:42 -0700
Processing by BowmakersController#index as */*
  [1m[36mBowmaker Load (0.2ms)[0m  [1m[34mSELECT "bowmakers".* FROM "bowmakers"[0m
  ↳ app/controllers/bowmakers_controller.rb:4:in `index'
Completed 200 OK in 8ms (Views: 7.4ms | ActiveRecord: 0.2ms | Allocations: 848)


Started GET "/bowmakers" for ::1 at 2021-11-05 17:45:14 -0700
Processing by BowmakersController#index as */*
  [1m[36mBowmaker Load (0.3ms)[0m  [1m[34mSELECT "bowmakers".* FROM "bowmakers"[0m
  ↳ app/controllers/bowmakers_controller.rb:4:in `index'
Completed 200 OK in 18ms (Views: 14.9ms | ActiveRecord: 0.3ms | Allocations: 848)


Started GET "/bowmakers" for ::1 at 2021-11-05 17:45:16 -0700
Processing by BowmakersController#index as */*
  [1m[36mBowmaker Load (0.2ms)[0m  [1m[34mSELECT "bowmakers".* FROM "bowmakers"[0m
  ↳ app/controllers/bowmakers_controller.rb:4:in `index'
Completed 200 OK in 9ms (Views: 6.5ms | ActiveRecord: 0.2ms | Allocations: 848)


Started GET "/bowmakers" for ::1 at 2021-11-05 19:06:40 -0700
  [1m[35m (6.3ms)[0m  [1m[34mSELECT sqlite_version(*)[0m
  [1m[35m (2.4ms)[0m  [1m[34mSELECT "schema_migrations"."version" FROM "schema_migrations" ORDER BY "schema_migrations"."version" ASC[0m
Processing by BowmakersController#index as */*
  [1m[36mBowmaker Load (2.4ms)[0m  [1m[34mSELECT "bowmakers".* FROM "bowmakers"[0m
  ↳ app/controllers/bowmakers_controller.rb:4:in `index'
Completed 200 OK in 57ms (Views: 9.2ms | ActiveRecord: 3.0ms | Allocations: 10384)


Started GET "/bowmakers" for ::1 at 2021-11-05 19:09:31 -0700
Processing by BowmakersController#index as */*
  [1m[36mBowmaker Load (2.6ms)[0m  [1m[34mSELECT "bowmakers".* FROM "bowmakers"[0m
  ↳ app/controllers/bowmakers_controller.rb:4:in `index'
Completed 200 OK in 24ms (Views: 16.6ms | ActiveRecord: 2.6ms | Allocations: 866)


Started GET "/bowmakers" for ::1 at 2021-11-05 19:09:34 -0700
Processing by BowmakersController#index as */*
  [1m[36mBowmaker Load (0.2ms)[0m  [1m[34mSELECT "bowmakers".* FROM "bowmakers"[0m
  ↳ app/controllers/bowmakers_controller.rb:4:in `index'
Completed 200 OK in 3ms (Views: 2.6ms | ActiveRecord: 0.2ms | Allocations: 866)


Started GET "/bowmakers" for ::1 at 2021-11-05 19:23:23 -0700
Processing by BowmakersController#index as */*
  [1m[35m (1.1ms)[0m  [1m[34mSELECT sqlite_version(*)[0m
  ↳ app/controllers/bowmakers_controller.rb:4:in `index'
  [1m[36mBowmaker Load (7.2ms)[0m  [1m[34mSELECT "bowmakers".* FROM "bowmakers"[0m
  ↳ app/controllers/bowmakers_controller.rb:4:in `index'
Completed 200 OK in 193ms (Views: 168.3ms | ActiveRecord: 28.9ms | Allocations: 1452)


Started GET "/bowmakers" for ::1 at 2021-11-05 19:25:23 -0700
Processing by BowmakersController#index as */*
  [1m[36mBowmaker Load (0.3ms)[0m  [1m[34mSELECT "bowmakers".* FROM "bowmakers"[0m
  ↳ app/controllers/bowmakers_controller.rb:4:in `index'
Completed 200 OK in 26ms (Views: 18.6ms | ActiveRecord: 0.3ms | Allocations: 866)


Started GET "/bowmakers" for ::1 at 2021-11-05 19:26:30 -0700
Processing by BowmakersController#index as */*
  [1m[36mBowmaker Load (0.4ms)[0m  [1m[34mSELECT "bowmakers".* FROM "bowmakers"[0m
  ↳ app/controllers/bowmakers_controller.rb:4:in `index'
Completed 200 OK in 36ms (Views: 31.7ms | ActiveRecord: 0.4ms | Allocations: 848)


Started GET "/bowmakers" for ::1 at 2021-11-06 07:53:50 -0700
  [1m[35m (8.6ms)[0m  [1m[34mSELECT sqlite_version(*)[0m
  [1m[35m (2.4ms)[0m  [1m[34mSELECT "schema_migrations"."version" FROM "schema_migrations" ORDER BY "schema_migrations"."version" ASC[0m
Processing by BowmakersController#index as */*
  [1m[36mBowmaker Load (2.4ms)[0m  [1m[34mSELECT "bowmakers".* FROM "bowmakers"[0m
  ↳ app/controllers/bowmakers_controller.rb:4:in `index'
Completed 200 OK in 81ms (Views: 25.7ms | ActiveRecord: 3.4ms | Allocations: 10350)


Started GET "/bowmakers" for ::1 at 2021-11-07 21:07:40 -0800
  [1m[35m (5.3ms)[0m  [1m[34mSELECT sqlite_version(*)[0m
  [1m[35m (3.4ms)[0m  [1m[34mSELECT "schema_migrations"."version" FROM "schema_migrations" ORDER BY "schema_migrations"."version" ASC[0m
Processing by BowmakersController#index as */*
  [1m[36mBowmaker Load (2.8ms)[0m  [1m[34mSELECT "bowmakers".* FROM "bowmakers"[0m
  ↳ app/controllers/bowmakers_controller.rb:4:in `index'
Completed 200 OK in 76ms (Views: 24.2ms | ActiveRecord: 3.9ms | Allocations: 10513)


Started GET "/bowmakers" for ::1 at 2021-11-07 21:14:39 -0800
Processing by BowmakersController#index as */*
  [1m[35m (3.8ms)[0m  [1m[34mSELECT sqlite_version(*)[0m
  ↳ app/controllers/bowmakers_controller.rb:4:in `index'
  [1m[36mBowmaker Load (6.7ms)[0m  [1m[34mSELECT "bowmakers".* FROM "bowmakers"[0m
  ↳ app/controllers/bowmakers_controller.rb:4:in `index'
Completed 200 OK in 330ms (Views: 319.1ms | ActiveRecord: 16.5ms | Allocations: 1452)


Started GET "/bowmakers" for ::1 at 2021-11-07 21:22:30 -0800
Processing by BowmakersController#index as */*
  [1m[35m (3.5ms)[0m  [1m[34mSELECT sqlite_version(*)[0m
  ↳ app/controllers/bowmakers_controller.rb:4:in `index'
  [1m[36mBowmaker Load (3.6ms)[0m  [1m[34mSELECT "bowmakers".* FROM "bowmakers"[0m
  ↳ app/controllers/bowmakers_controller.rb:4:in `index'
Completed 200 OK in 146ms (Views: 132.2ms | ActiveRecord: 15.0ms | Allocations: 1452)


Started GET "/bowmakers" for ::1 at 2021-11-07 21:22:35 -0800
Processing by BowmakersController#index as */*
  [1m[36mBowmaker Load (0.3ms)[0m  [1m[34mSELECT "bowmakers".* FROM "bowmakers"[0m
  ↳ app/controllers/bowmakers_controller.rb:4:in `index'
Completed 200 OK in 21ms (Views: 20.0ms | ActiveRecord: 0.3ms | Allocations: 866)


Started GET "/bowmakers" for ::1 at 2021-11-07 21:23:11 -0800
Processing by BowmakersController#index as */*
  [1m[36mBowmaker Load (0.3ms)[0m  [1m[34mSELECT "bowmakers".* FROM "bowmakers"[0m
  ↳ app/controllers/bowmakers_controller.rb:4:in `index'
Completed 200 OK in 19ms (Views: 17.8ms | ActiveRecord: 0.3ms | Allocations: 866)


Started GET "/bowmakers" for ::1 at 2021-11-07 21:23:47 -0800
Processing by BowmakersController#index as */*
  [1m[36mBowmaker Load (0.3ms)[0m  [1m[34mSELECT "bowmakers".* FROM "bowmakers"[0m
  ↳ app/controllers/bowmakers_controller.rb:4:in `index'
Completed 200 OK in 11ms (Views: 10.2ms | ActiveRecord: 0.3ms | Allocations: 848)


Started GET "/bowmakers" for ::1 at 2021-11-07 21:28:46 -0800
Processing by BowmakersController#index as */*
  [1m[36mBowmaker Load (3.6ms)[0m  [1m[34mSELECT "bowmakers".* FROM "bowmakers"[0m
  ↳ app/controllers/bowmakers_controller.rb:4:in `index'
Completed 200 OK in 78ms (Views: 60.3ms | ActiveRecord: 3.6ms | Allocations: 848)


Started GET "/bowmakers" for ::1 at 2021-11-07 21:29:56 -0800
Processing by BowmakersController#index as */*
  [1m[36mBowmaker Load (2.3ms)[0m  [1m[34mSELECT "bowmakers".* FROM "bowmakers"[0m
  ↳ app/controllers/bowmakers_controller.rb:4:in `index'
Completed 200 OK in 57ms (Views: 53.9ms | ActiveRecord: 2.3ms | Allocations: 848)


Started GET "/bowmakers" for ::1 at 2021-11-07 21:30:09 -0800
Processing by BowmakersController#index as */*
  [1m[36mBowmaker Load (0.2ms)[0m  [1m[34mSELECT "bowmakers".* FROM "bowmakers"[0m
  ↳ app/controllers/bowmakers_controller.rb:4:in `index'
Completed 200 OK in 21ms (Views: 20.5ms | ActiveRecord: 0.2ms | Allocations: 848)


Started GET "/bowmakers" for ::1 at 2021-11-07 21:30:12 -0800
Processing by BowmakersController#index as */*
  [1m[36mBowmaker Load (0.2ms)[0m  [1m[34mSELECT "bowmakers".* FROM "bowmakers"[0m
  ↳ app/controllers/bowmakers_controller.rb:4:in `index'
Completed 200 OK in 28ms (Views: 20.6ms | ActiveRecord: 0.2ms | Allocations: 848)


Started GET "/bowmakers" for ::1 at 2021-11-07 21:30:19 -0800
Processing by BowmakersController#index as */*
  [1m[36mBowmaker Load (0.2ms)[0m  [1m[34mSELECT "bowmakers".* FROM "bowmakers"[0m
  ↳ app/controllers/bowmakers_controller.rb:4:in `index'
Completed 200 OK in 9ms (Views: 8.7ms | ActiveRecord: 0.2ms | Allocations: 848)


Started GET "/bowmakers" for ::1 at 2021-11-07 21:30:24 -0800
Processing by BowmakersController#index as */*
  [1m[36mBowmaker Load (0.3ms)[0m  [1m[34mSELECT "bowmakers".* FROM "bowmakers"[0m
  ↳ app/controllers/bowmakers_controller.rb:4:in `index'
Completed 200 OK in 10ms (Views: 9.9ms | ActiveRecord: 0.3ms | Allocations: 848)


Started GET "/bowmakers" for ::1 at 2021-11-07 21:30:30 -0800
Processing by BowmakersController#index as */*
  [1m[36mBowmaker Load (0.2ms)[0m  [1m[34mSELECT "bowmakers".* FROM "bowmakers"[0m
  ↳ app/controllers/bowmakers_controller.rb:4:in `index'
Completed 200 OK in 6ms (Views: 5.2ms | ActiveRecord: 0.2ms | Allocations: 848)


Started GET "/bowmakers" for ::1 at 2021-11-07 21:35:05 -0800
Processing by BowmakersController#index as */*
  [1m[36mBowmaker Load (1.0ms)[0m  [1m[34mSELECT "bowmakers".* FROM "bowmakers"[0m
  ↳ app/controllers/bowmakers_controller.rb:4:in `index'
Completed 200 OK in 41ms (Views: 27.2ms | ActiveRecord: 1.0ms | Allocations: 848)


Started GET "/bowmakers" for ::1 at 2021-11-07 21:35:11 -0800
Processing by BowmakersController#index as */*
  [1m[36mBowmaker Load (0.2ms)[0m  [1m[34mSELECT "bowmakers".* FROM "bowmakers"[0m
  ↳ app/controllers/bowmakers_controller.rb:4:in `index'
Completed 200 OK in 17ms (Views: 16.8ms | ActiveRecord: 0.2ms | Allocations: 848)


Started GET "/bowmakers" for ::1 at 2021-11-07 21:44:53 -0800
Processing by BowmakersController#index as */*
  [1m[35m (0.8ms)[0m  [1m[34mSELECT sqlite_version(*)[0m
  ↳ app/controllers/bowmakers_controller.rb:4:in `index'
  [1m[36mBowmaker Load (3.4ms)[0m  [1m[34mSELECT "bowmakers".* FROM "bowmakers"[0m
  ↳ app/controllers/bowmakers_controller.rb:4:in `index'
Completed 200 OK in 127ms (Views: 113.9ms | ActiveRecord: 10.4ms | Allocations: 1433)


Started GET "/bowmakers" for ::1 at 2021-11-07 21:48:03 -0800
Processing by BowmakersController#index as */*
  [1m[36mBowmaker Load (1.0ms)[0m  [1m[34mSELECT "bowmakers".* FROM "bowmakers"[0m
  ↳ app/controllers/bowmakers_controller.rb:4:in `index'
Completed 200 OK in 64ms (Views: 50.5ms | ActiveRecord: 1.0ms | Allocations: 848)


Started GET "/bowmakers" for ::1 at 2021-11-07 21:48:05 -0800
Processing by BowmakersController#index as */*
  [1m[36mBowmaker Load (0.2ms)[0m  [1m[34mSELECT "bowmakers".* FROM "bowmakers"[0m
  ↳ app/controllers/bowmakers_controller.rb:4:in `index'
Completed 200 OK in 12ms (Views: 8.8ms | ActiveRecord: 0.2ms | Allocations: 848)


Started GET "/bowmakers" for ::1 at 2021-11-07 22:01:47 -0800
Processing by BowmakersController#index as */*
  [1m[35m (4.4ms)[0m  [1m[34mSELECT sqlite_version(*)[0m
  ↳ app/controllers/bowmakers_controller.rb:4:in `index'
  [1m[36mBowmaker Load (10.4ms)[0m  [1m[34mSELECT "bowmakers".* FROM "bowmakers"[0m
  ↳ app/controllers/bowmakers_controller.rb:4:in `index'
Completed 200 OK in 136ms (Views: 120.5ms | ActiveRecord: 30.7ms | Allocations: 1434)


Started GET "/bowmakers" for ::1 at 2021-11-07 22:01:59 -0800
Processing by BowmakersController#index as */*
  [1m[36mBowmaker Load (0.3ms)[0m  [1m[34mSELECT "bowmakers".* FROM "bowmakers"[0m
  ↳ app/controllers/bowmakers_controller.rb:4:in `index'
Completed 200 OK in 37ms (Views: 33.4ms | ActiveRecord: 0.3ms | Allocations: 848)


Started GET "/bowmakers" for ::1 at 2021-11-07 22:02:07 -0800
Processing by BowmakersController#index as */*
  [1m[36mBowmaker Load (0.4ms)[0m  [1m[34mSELECT "bowmakers".* FROM "bowmakers"[0m
  ↳ app/controllers/bowmakers_controller.rb:4:in `index'
Completed 200 OK in 17ms (Views: 16.6ms | ActiveRecord: 0.4ms | Allocations: 848)


Started GET "/bowmakers" for ::1 at 2021-11-07 22:03:19 -0800
Processing by BowmakersController#index as */*
  [1m[36mBowmaker Load (0.3ms)[0m  [1m[34mSELECT "bowmakers".* FROM "bowmakers"[0m
  ↳ app/controllers/bowmakers_controller.rb:4:in `index'
Completed 200 OK in 34ms (Views: 26.6ms | ActiveRecord: 0.3ms | Allocations: 848)


Started GET "/bowmakers" for ::1 at 2021-11-07 22:03:23 -0800
Processing by BowmakersController#index as */*
  [1m[36mBowmaker Load (4.3ms)[0m  [1m[34mSELECT "bowmakers".* FROM "bowmakers"[0m
  ↳ app/controllers/bowmakers_controller.rb:4:in `index'
Completed 200 OK in 18ms (Views: 12.8ms | ActiveRecord: 4.3ms | Allocations: 848)


Started GET "/bowmakers" for ::1 at 2021-11-07 22:07:39 -0800
Processing by BowmakersController#index as */*
  [1m[36mBowmaker Load (1.4ms)[0m  [1m[34mSELECT "bowmakers".* FROM "bowmakers"[0m
  ↳ app/controllers/bowmakers_controller.rb:4:in `index'
Completed 200 OK in 36ms (Views: 24.4ms | ActiveRecord: 1.4ms | Allocations: 848)


Started GET "/bowmakers" for ::1 at 2021-11-11 12:31:02 -0800
  [1m[35m (1.8ms)[0m  [1m[34mSELECT sqlite_version(*)[0m
  [1m[35m (2.3ms)[0m  [1m[34mSELECT "schema_migrations"."version" FROM "schema_migrations" ORDER BY "schema_migrations"."version" ASC[0m
Processing by BowmakersController#index as */*
  [1m[36mBowmaker Load (3.3ms)[0m  [1m[34mSELECT "bowmakers".* FROM "bowmakers"[0m
  ↳ app/controllers/bowmakers_controller.rb:4:in `index'
Completed 200 OK in 230ms (Views: 112.6ms | ActiveRecord: 6.1ms | Allocations: 10351)


Started GET "/bowmakers" for ::1 at 2021-11-11 12:31:12 -0800
Processing by BowmakersController#index as */*
  [1m[36mBowmaker Load (3.6ms)[0m  [1m[34mSELECT "bowmakers".* FROM "bowmakers"[0m
  ↳ app/controllers/bowmakers_controller.rb:4:in `index'
Completed 200 OK in 37ms (Views: 28.0ms | ActiveRecord: 3.6ms | Allocations: 866)


Started GET "/bowmakers" for ::1 at 2021-11-11 12:31:26 -0800
Processing by BowmakersController#index as */*
  [1m[36mBowmaker Load (1.5ms)[0m  [1m[34mSELECT "bowmakers".* FROM "bowmakers"[0m
  ↳ app/controllers/bowmakers_controller.rb:4:in `index'
Completed 200 OK in 33ms (Views: 24.5ms | ActiveRecord: 1.5ms | Allocations: 866)


Started GET "/bowmakers" for ::1 at 2021-11-11 12:31:48 -0800
Processing by BowmakersController#index as */*
  [1m[36mBowmaker Load (7.2ms)[0m  [1m[34mSELECT "bowmakers".* FROM "bowmakers"[0m
  ↳ app/controllers/bowmakers_controller.rb:4:in `index'
Completed 200 OK in 31ms (Views: 18.3ms | ActiveRecord: 7.2ms | Allocations: 866)


Started GET "/bowmakers" for ::1 at 2021-11-11 12:57:48 -0800
  [1m[35m (4.4ms)[0m  [1m[34mSELECT sqlite_version(*)[0m
  [1m[35m (2.5ms)[0m  [1m[34mSELECT "schema_migrations"."version" FROM "schema_migrations" ORDER BY "schema_migrations"."version" ASC[0m
Processing by BowmakersController#index as */*
  [1m[36mBowmaker Load (2.3ms)[0m  [1m[34mSELECT "bowmakers".* FROM "bowmakers"[0m
  ↳ app/controllers/bowmakers_controller.rb:4:in `index'
Completed 200 OK in 65ms (Views: 22.3ms | ActiveRecord: 3.0ms | Allocations: 10421)


Started GET "/bowmakers" for ::1 at 2021-11-11 12:58:08 -0800
Processing by BowmakersController#index as */*
  [1m[36mBowmaker Load (0.3ms)[0m  [1m[34mSELECT "bowmakers".* FROM "bowmakers"[0m
  ↳ app/controllers/bowmakers_controller.rb:4:in `index'
Completed 200 OK in 5ms (Views: 4.2ms | ActiveRecord: 0.3ms | Allocations: 866)


Started GET "/bowmakers" for ::1 at 2021-11-11 12:58:38 -0800
Processing by BowmakersController#index as */*
  [1m[36mBowmaker Load (0.2ms)[0m  [1m[34mSELECT "bowmakers".* FROM "bowmakers"[0m
  ↳ app/controllers/bowmakers_controller.rb:4:in `index'
Completed 200 OK in 13ms (Views: 12.0ms | ActiveRecord: 0.2ms | Allocations: 866)


Started GET "/bowmakers" for ::1 at 2021-11-11 13:00:05 -0800
Processing by BowmakersController#index as */*
  [1m[36mBowmaker Load (3.2ms)[0m  [1m[34mSELECT "bowmakers".* FROM "bowmakers"[0m
  ↳ app/controllers/bowmakers_controller.rb:4:in `index'
Completed 200 OK in 33ms (Views: 27.4ms | ActiveRecord: 3.2ms | Allocations: 867)


Started GET "/bowmakers" for ::1 at 2021-11-11 13:00:10 -0800
Processing by BowmakersController#index as */*
  [1m[36mBowmaker Load (0.3ms)[0m  [1m[34mSELECT "bowmakers".* FROM "bowmakers"[0m
  ↳ app/controllers/bowmakers_controller.rb:4:in `index'
Completed 200 OK in 9ms (Views: 8.0ms | ActiveRecord: 0.3ms | Allocations: 866)


Started GET "/bowmakers" for ::1 at 2021-11-11 13:08:25 -0800
Processing by BowmakersController#index as */*
  [1m[35m (0.4ms)[0m  [1m[34mSELECT sqlite_version(*)[0m
  ↳ app/controllers/bowmakers_controller.rb:4:in `index'
  [1m[36mBowmaker Load (4.4ms)[0m  [1m[34mSELECT "bowmakers".* FROM "bowmakers"[0m
  ↳ app/controllers/bowmakers_controller.rb:4:in `index'
Completed 200 OK in 247ms (Views: 235.4ms | ActiveRecord: 17.4ms | Allocations: 1433)


Started GET "/bowmakers" for ::1 at 2021-11-11 13:13:01 -0800
Processing by BowmakersController#index as */*
  [1m[36mBowmaker Load (0.7ms)[0m  [1m[34mSELECT "bowmakers".* FROM "bowmakers"[0m
  ↳ app/controllers/bowmakers_controller.rb:4:in `index'
Completed 200 OK in 78ms (Views: 73.1ms | ActiveRecord: 0.7ms | Allocations: 848)


Started GET "/bowmakers" for ::1 at 2021-11-11 21:04:37 -0800
  [1m[35m (12.2ms)[0m  [1m[34mSELECT sqlite_version(*)[0m
  [1m[35m (2.7ms)[0m  [1m[34mSELECT "schema_migrations"."version" FROM "schema_migrations" ORDER BY "schema_migrations"."version" ASC[0m
Processing by BowmakersController#index as */*
  [1m[36mBowmaker Load (2.0ms)[0m  [1m[34mSELECT "bowmakers".* FROM "bowmakers"[0m
  ↳ app/controllers/bowmakers_controller.rb:4:in `index'
Completed 200 OK in 103ms (Views: 47.9ms | ActiveRecord: 4.9ms | Allocations: 10352)


  [1m[35m (4.6ms)[0m  [1m[34mSELECT sqlite_version(*)[0m
  [1m[36mBowmaker Load (2.5ms)[0m  [1m[34mSELECT "bowmakers".* FROM "bowmakers" ORDER BY "bowmakers"."id" ASC LIMIT ?[0m  [["LIMIT", 1]]
  [1m[36mTRANSACTION (1.0ms)[0m  [1m[36mbegin transaction[0m
  [1m[36mBowmaker Update (4.2ms)[0m  [1m[33mUPDATE "bowmakers" SET "biography" = ?, "updated_at" = ? WHERE "bowmakers"."id" = ?[0m  [["biography", "Francois Tourte invented the modern bow. Working in Paris in the late 1700s and early 1800s, he collaborated with violinists to make changes, among which include cambering, or curving the bow concave rather than convex, inventing the ferrule to hold the hair in a flat band, standardizing the length, weight, and balance of the bow, as well as many other improvements. He is the father of the modern bow and there a few bowmakers since then who are not heavily influenced by his work."], ["updated_at", "2021-11-12 05:10:16.092335"], ["id", 1]]
  [1m[36mTRANSACTION (3.3ms)[0m  [1m[36mcommit transaction[0m
Started GET "/bowmakers" for ::1 at 2021-11-11 21:10:25 -0800
Processing by BowmakersController#index as */*
  [1m[36mBowmaker Load (0.8ms)[0m  [1m[34mSELECT "bowmakers".* FROM "bowmakers"[0m
  ↳ app/controllers/bowmakers_controller.rb:4:in `index'
Completed 200 OK in 170ms (Views: 158.8ms | ActiveRecord: 0.8ms | Allocations: 866)


Started GET "/bowmakers" for ::1 at 2021-11-11 21:10:32 -0800
Processing by BowmakersController#index as */*
  [1m[36mBowmaker Load (0.5ms)[0m  [1m[34mSELECT "bowmakers".* FROM "bowmakers"[0m
  ↳ app/controllers/bowmakers_controller.rb:4:in `index'
Completed 200 OK in 27ms (Views: 25.9ms | ActiveRecord: 0.5ms | Allocations: 866)


